{"contracts\\SImpleStorage.sol":{"l":{"22":1,"26":2,"30":1,"31":1},"path":"C:\\Users\\Andrei\\Desktop\\solidity\\hardhat-simple-storage\\contracts\\SImpleStorage.sol","s":{"1":2,"2":1},"b":{},"f":{"1":1,"2":2,"3":1},"fnMap":{"1":{"name":"store","line":21,"loc":{"start":{"line":21,"column":4},"end":{"line":23,"column":4}}},"2":{"name":"retrieve","line":25,"loc":{"start":{"line":25,"column":4},"end":{"line":27,"column":4}}},"3":{"name":"addPerson","line":29,"loc":{"start":{"line":29,"column":4},"end":{"line":32,"column":4}}}},"statementMap":{"1":{"start":{"line":26,"column":8},"end":{"line":26,"column":29}},"2":{"start":{"line":30,"column":8},"end":{"line":30,"column":50}}},"branchMap":{}}}